

Version:	3.4
CmdLine:	C:\Users\Stanisalv\Documents\NetBeansProjects\AdvancedResouceMenaging\AdvancedResourceMenaging.exe --l4j-debug
WOW64:		yes
Working dir:	C:\Users\Stanisalv\Documents\NetBeansProjects\AdvancedResouceMenaging\.
64-bit search:	SOFTWARE\JavaSoft\Java Runtime Environment...
Check:		SOFTWARE\JavaSoft\Java Runtime Environment\1.7
Ignore:		1.7
Check:		SOFTWARE\JavaSoft\Java Runtime Environment\1.7.0_45
Ignore:		1.7.0_45
Check:		SOFTWARE\JavaSoft\Java Runtime Environment\1.8
Ignore:		1.8
Check:		SOFTWARE\JavaSoft\Java Runtime Environment\1.8.0_11
Check launcher:	C:\Program Files\Java\jre8\bin\javaw.exe (OK)
Match:		1.8.0_11
64-bit search:	SOFTWARE\JavaSoft\Java Development Kit...
Check:		SOFTWARE\JavaSoft\Java Development Kit\1.7
Ignore:		1.7
Check:		SOFTWARE\JavaSoft\Java Development Kit\1.7.0_45
Ignore:		1.7.0_45
Check:		SOFTWARE\JavaSoft\Java Development Kit\1.8
Ignore:		1.8
Check:		SOFTWARE\JavaSoft\Java Development Kit\1.8.0
Ignore:		1.8.0
Check:		SOFTWARE\JavaSoft\Java Development Kit\1.8.0_11
Ignore:		1.8.0_11
Runtime used:	1.8.0_11 (64-bit)
Launcher:	C:\Program Files\Java\jre8\bin\javaw.exe
Launcher args:	-jar "C:\Users\Stanisalv\Documents\NetBeansProjects\AdvancedResouceMenaging\AdvancedResourceMenaging.exe"
Args length:	105/32768 chars
Exit code:	0


Version:	3.4
CmdLine:	C:\Users\Stanisalv\Documents\NetBeansProjects\AdvancedResouceMenaging\AdvancedResourceMenaging.exe --l4j-debug
WOW64:		yes
Working dir:	C:\Users\Stanisalv\Documents\NetBeansProjects\AdvancedResouceMenaging\.
64-bit search:	SOFTWARE\JavaSoft\Java Runtime Environment...
Check:		SOFTWARE\JavaSoft\Java Runtime Environment\1.7
Ignore:		1.7
Check:		SOFTWARE\JavaSoft\Java Runtime Environment\1.7.0_45
Ignore:		1.7.0_45
Check:		SOFTWARE\JavaSoft\Java Runtime Environment\1.8
Ignore:		1.8
Check:		SOFTWARE\JavaSoft\Java Runtime Environment\1.8.0_11
Check launcher:	C:\Program Files\Java\jre8\bin\javaw.exe (OK)
Match:		1.8.0_11
64-bit search:	SOFTWARE\JavaSoft\Java Development Kit...
Check:		SOFTWARE\JavaSoft\Java Development Kit\1.7
Ignore:		1.7
Check:		SOFTWARE\JavaSoft\Java Development Kit\1.7.0_45
Ignore:		1.7.0_45
Check:		SOFTWARE\JavaSoft\Java Development Kit\1.8
Ignore:		1.8
Check:		SOFTWARE\JavaSoft\Java Development Kit\1.8.0
Ignore:		1.8.0
Check:		SOFTWARE\JavaSoft\Java Development Kit\1.8.0_11
Ignore:		1.8.0_11
Runtime used:	1.8.0_11 (64-bit)
Launcher:	C:\Program Files\Java\jre8\bin\javaw.exe
Launcher args:	-jar "C:\Users\Stanisalv\Documents\NetBeansProjects\AdvancedResouceMenaging\AdvancedResourceMenaging.exe"
Args length:	105/32768 chars
Exit code:	0


Version:	3.4
CmdLine:	C:\Users\Stanisalv\Documents\NetBeansProjects\AdvancedResouceMenaging\AdvancedResourceMenaging.exe --l4j-debug
WOW64:		yes
Working dir:	C:\Users\Stanisalv\Documents\NetBeansProjects\AdvancedResouceMenaging\.
64-bit search:	SOFTWARE\JavaSoft\Java Runtime Environment...
Check:		SOFTWARE\JavaSoft\Java Runtime Environment\1.7
Ignore:		1.7
Check:		SOFTWARE\JavaSoft\Java Runtime Environment\1.7.0_45
Ignore:		1.7.0_45
Check:		SOFTWARE\JavaSoft\Java Runtime Environment\1.8
Ignore:		1.8
Check:		SOFTWARE\JavaSoft\Java Runtime Environment\1.8.0_11
Check launcher:	C:\Program Files\Java\jre8\bin\javaw.exe (OK)
Match:		1.8.0_11
64-bit search:	SOFTWARE\JavaSoft\Java Development Kit...
Check:		SOFTWARE\JavaSoft\Java Development Kit\1.7
Ignore:		1.7
Check:		SOFTWARE\JavaSoft\Java Development Kit\1.7.0_45
Ignore:		1.7.0_45
Check:		SOFTWARE\JavaSoft\Java Development Kit\1.8
Ignore:		1.8
Check:		SOFTWARE\JavaSoft\Java Development Kit\1.8.0
Ignore:		1.8.0
Check:		SOFTWARE\JavaSoft\Java Development Kit\1.8.0_11
Ignore:		1.8.0_11
Runtime used:	1.8.0_11 (64-bit)
Launcher:	C:\Program Files\Java\jre8\bin\javaw.exe
Launcher args:	-jar "C:\Users\Stanisalv\Documents\NetBeansProjects\AdvancedResouceMenaging\AdvancedResourceMenaging.exe"
Args length:	105/32768 chars
Exit code:	0
